<?xml version="1.0" encoding="UTF-8"?>
<testng-results skipped="0" failed="1" ignored="0" total="1" passed="0">
  <reporter-output>
    <line>
      <![CDATA[<h3>Repro Steps</h3><br>]]>
    </line>
    <line>
      <![CDATA[1. Navigate to website <br> 2. Enter Credentials <br> 3. Verify user]]>
    </line>
    <line>
      <![CDATA[<a href = C:\Users\ajain06\workspace\M-Meritnation\test-output\screenshot\VerifyUser08_Apr_18_01_22_37PM.png>Screenshot</a>]]>
    </line>
  </reporter-output>
  <suite name="Suite" duration-ms="77240" started-at="2018-04-08T07:51:21Z" finished-at="2018-04-08T07:52:38Z">
    <groups>
    </groups>
    <test name="Test" duration-ms="77240" started-at="2018-04-08T07:51:21Z" finished-at="2018-04-08T07:52:38Z">
      <class name="test.LoginPageTest">
        <test-method status="PASS" signature="openBrowser(java.lang.String)[pri:0, instance:test.LoginPageTest@25bbf683]" name="openBrowser" is-config="true" duration-ms="3912" started-at="2018-04-08T07:51:21Z" finished-at="2018-04-08T07:51:25Z">
          <params>
            <param index="0">
              <value>
                <![CDATA[chrome]]>
              </value>
            </param>
          </params>
          <reporter-output>
          </reporter-output>
        </test-method> <!-- openBrowser -->
        <test-method status="PASS" signature="openBrowser()[pri:0, instance:test.LoginPageTest@25bbf683]" name="openBrowser" is-config="true" duration-ms="10508" started-at="2018-04-08T07:51:25Z" finished-at="2018-04-08T07:51:36Z">
          <reporter-output>
          </reporter-output>
        </test-method> <!-- openBrowser -->
        <test-method status="FAIL" signature="VerifyUser(java.lang.String, java.lang.String)[pri:0, instance:test.LoginPageTest@25bbf683]" name="VerifyUser" duration-ms="61170" started-at="2018-04-08T07:51:36Z" description="1. Navigate to website &lt;br&gt; 2. Enter Credentials &lt;br&gt; 3. Verify user" data-provider="getDataFromXls" finished-at="2018-04-08T07:52:37Z">
          <params>
            <param index="0">
              <value>
                <![CDATA[sunaina@test.com]]>
              </value>
            </param>
            <param index="1">
              <value>
                <![CDATA[12345678]]>
              </value>
            </param>
          </params>
          <exception class="org.openqa.selenium.TimeoutException">
            <message>
              <![CDATA[Expected condition failed: waiting for visibility of element located by By.xpath: //h2[contains(text(),'zaazaz')] (tried for 60 second(s) with 500 MILLISECONDS interval)]]>
            </message>
            <full-stacktrace>
              <![CDATA[org.openqa.selenium.TimeoutException: Expected condition failed: waiting for visibility of element located by By.xpath: //h2[contains(text(),'zaazaz')] (tried for 60 second(s) with 500 MILLISECONDS interval)
at org.openqa.selenium.support.ui.WebDriverWait.timeoutException(WebDriverWait.java:80)
at org.openqa.selenium.support.ui.FluentWait.until(FluentWait.java:232)
at core.ActionDriver.waitForElement(ActionDriver.java:26)
at core.ActionDriver.isElementPresent(ActionDriver.java:52)
at pages.UserPage.<init>(UserPage.java:14)
at pages.LoginPage.signIn(LoginPage.java:23)
at test.LoginPageTest.VerifyUser(LoginPageTest.java:55)
at sun.reflect.NativeMethodAccessorImpl.invoke0(Native Method)
at sun.reflect.NativeMethodAccessorImpl.invoke(NativeMethodAccessorImpl.java:62)
at sun.reflect.DelegatingMethodAccessorImpl.invoke(DelegatingMethodAccessorImpl.java:43)
at java.lang.reflect.Method.invoke(Method.java:498)
at org.testng.internal.MethodInvocationHelper.invokeMethod(MethodInvocationHelper.java:124)
at org.testng.internal.Invoker.invokeMethod(Invoker.java:583)
at org.testng.internal.Invoker.invokeTestMethod(Invoker.java:719)
at org.testng.internal.Invoker.invokeTestMethods(Invoker.java:989)
at org.testng.internal.TestMethodWorker.invokeTestMethods(TestMethodWorker.java:125)
at org.testng.internal.TestMethodWorker.run(TestMethodWorker.java:109)
at org.testng.TestRunner.privateRun(TestRunner.java:648)
at org.testng.TestRunner.run(TestRunner.java:505)
at org.testng.SuiteRunner.runTest(SuiteRunner.java:455)
at org.testng.SuiteRunner.runSequentially(SuiteRunner.java:450)
at org.testng.SuiteRunner.privateRun(SuiteRunner.java:415)
at org.testng.SuiteRunner.run(SuiteRunner.java:364)
at org.testng.SuiteRunnerWorker.runSuite(SuiteRunnerWorker.java:52)
at org.testng.SuiteRunnerWorker.run(SuiteRunnerWorker.java:84)
at org.testng.TestNG.runSuitesSequentially(TestNG.java:1208)
at org.testng.TestNG.runSuitesLocally(TestNG.java:1137)
at org.testng.TestNG.runSuites(TestNG.java:1049)
at org.testng.TestNG.run(TestNG.java:1017)
at org.testng.remote.AbstractRemoteTestNG.run(AbstractRemoteTestNG.java:114)
at org.testng.remote.RemoteTestNG.initAndRun(RemoteTestNG.java:251)
at org.testng.remote.RemoteTestNG.main(RemoteTestNG.java:77)
Caused by: org.openqa.selenium.NoSuchElementException: Cannot locate an element using By.xpath: //h2[contains(text(),'zaazaz')]
For documentation on this error, please visit: http://seleniumhq.org/exceptions/no_such_element.html
Build info: version: '3.4.0', revision: 'unknown', time: 'unknown'
System info: host: 'WSDEL48216', ip: '192.168.1.3', os.name: 'Windows 10', os.arch: 'amd64', os.version: '10.0', java.version: '1.8.0_121'
Driver info: driver.version: ActionDriver
at org.openqa.selenium.support.ui.ExpectedConditions.lambda$findElement$0(ExpectedConditions.java:883)
at java.util.Optional.orElseThrow(Optional.java:290)
at org.openqa.selenium.support.ui.ExpectedConditions.findElement(ExpectedConditions.java:882)
at org.openqa.selenium.support.ui.ExpectedConditions.access$000(ExpectedConditions.java:44)
at org.openqa.selenium.support.ui.ExpectedConditions$7.apply(ExpectedConditions.java:206)
at org.openqa.selenium.support.ui.ExpectedConditions$7.apply(ExpectedConditions.java:202)
at org.openqa.selenium.support.ui.FluentWait.until(FluentWait.java:209)
... 30 more
]]>
            </full-stacktrace>
          </exception> <!-- org.openqa.selenium.TimeoutException -->
          <reporter-output>
            <line>
              <![CDATA[<h3>Repro Steps</h3><br>]]>
            </line>
            <line>
              <![CDATA[1. Navigate to website <br> 2. Enter Credentials <br> 3. Verify user]]>
            </line>
            <line>
              <![CDATA[<a href = C:\Users\ajain06\workspace\M-Meritnation\test-output\screenshot\VerifyUser08_Apr_18_01_22_37PM.png>Screenshot</a>]]>
            </line>
          </reporter-output>
        </test-method> <!-- VerifyUser -->
        <test-method status="PASS" signature="closeBrowser()[pri:0, instance:test.LoginPageTest@25bbf683]" name="closeBrowser" is-config="true" duration-ms="1145" started-at="2018-04-08T07:52:37Z" finished-at="2018-04-08T07:52:38Z">
          <reporter-output>
          </reporter-output>
        </test-method> <!-- closeBrowser -->
      </class> <!-- test.LoginPageTest -->
    </test> <!-- Test -->
  </suite> <!-- Suite -->
</testng-results>
